0 info it worked if it ends with ok
1 verbose cli [ 'C:\\Program Files (x86)\\nodejs\\node.exe',
1 verbose cli   'C:\\Program Files (x86)\\nodejs\\node_modules\\npm\\bin\\npm-cli.js',
1 verbose cli   'start' ]
2 info using npm@3.10.8
3 info using node@v6.8.0
4 verbose run-script [ 'prestart', 'start', 'poststart' ]
5 info lifecycle reveal.js@3.3.0~prestart: reveal.js@3.3.0
6 silly lifecycle reveal.js@3.3.0~prestart: no script for prestart, continuing
7 info lifecycle reveal.js@3.3.0~start: reveal.js@3.3.0
8 verbose lifecycle reveal.js@3.3.0~start: unsafe-perm in lifecycle true
9 verbose lifecycle reveal.js@3.3.0~start: PATH: C:\Program Files (x86)\nodejs\node_modules\npm\bin\node-gyp-bin;C:\work\_\reveal.js\node_modules\.bin;C:\Program Files\ConEmu\ConEmu\Scripts;C:\Program Files\ConEmu;C:\Program Files\ConEmu\ConEmu;C:\Python35\Scripts\;C:\Python35\;C:\tools\ruby23\bin;C:\Windows\system32;C:\Windows;C:\Windows\System32\Wbem;C:\Windows\System32\WindowsPowerShell\v1.0\;C:\ProgramData\chocolatey\bin;C:\Program Files\Git\cmd;C:\Program Files\Vim\vim80;C:\Program Files\TortoiseGit\bin;C:\PROGRA~2\Oracle\VirtualBox;C:\Users\majkinetor\AppData\Local\Pandoc\;C:\PROGRA~2\Oracle\VirtualBox;C:\Users\majkinetor\AppData\Local\Pandoc\;C:\Users\majkinetor\.dnx\bin;C:\Program Files\Microsoft DNX\Dnvm\;C:\Program Files\Microsoft SQL Server\120\Tools\Binn\;C:\PROGRA~2\Oracle\VirtualBox;C:\Users\majkinetor\AppData\Local\Pandoc\;C:\Program Files (x86)\Microsoft VS Code\bin;C:\Program Files\Microsoft SQL Server\130\Tools\Binn\;C:\tools\NirLauncher\Nirsoft;C:\Program Files (x86)\Microsoft Emulator Manager\1.0\;C:\Program Files (x86)\Windows Kits\10\Windows Performance Toolkit\;C:\Program Files (x86)\nodejs\;;C:\PROGRA~2\Oracle\VirtualBox;C:\Users\majkinetor\AppData\Local\Pandoc\;C:\Program Files (x86)\Microsoft VS Code\bin;C:\Users\majkinetor\AppData\Roaming\npm
10 verbose lifecycle reveal.js@3.3.0~start: CWD: C:\work\_\reveal.js
11 silly lifecycle reveal.js@3.3.0~start: Args: [ '/d /s /c', 'grunt serve' ]
12 silly lifecycle reveal.js@3.3.0~start: Returned: code: 3221225786  signal: null
13 info lifecycle reveal.js@3.3.0~start: Failed to exec start script
14 verbose stack Error: reveal.js@3.3.0 start: `grunt serve`
14 verbose stack Exit status 3221225786
14 verbose stack     at EventEmitter.<anonymous> (C:\Program Files (x86)\nodejs\node_modules\npm\lib\utils\lifecycle.js:255:16)
14 verbose stack     at emitTwo (events.js:106:13)
14 verbose stack     at EventEmitter.emit (events.js:191:7)
14 verbose stack     at ChildProcess.<anonymous> (C:\Program Files (x86)\nodejs\node_modules\npm\lib\utils\spawn.js:40:14)
14 verbose stack     at emitTwo (events.js:106:13)
14 verbose stack     at ChildProcess.emit (events.js:191:7)
14 verbose stack     at maybeClose (internal/child_process.js:877:16)
14 verbose stack     at Process.ChildProcess._handle.onexit (internal/child_process.js:226:5)
15 verbose pkgid reveal.js@3.3.0
16 verbose cwd C:\work\_\reveal.js
17 error Windows_NT 10.0.10586
18 error argv "C:\\Program Files (x86)\\nodejs\\node.exe" "C:\\Program Files (x86)\\nodejs\\node_modules\\npm\\bin\\npm-cli.js" "start"
19 error node v6.8.0
20 error npm  v3.10.8
21 error code ELIFECYCLE
22 error reveal.js@3.3.0 start: `grunt serve`
22 error Exit status 3221225786
23 error Failed at the reveal.js@3.3.0 start script 'grunt serve'.
23 error Make sure you have the latest version of node.js and npm installed.
23 error If you do, this is most likely a problem with the reveal.js package,
23 error not with npm itself.
23 error Tell the author that this fails on your system:
23 error     grunt serve
23 error You can get information on how to open an issue for this project with:
23 error     npm bugs reveal.js
23 error Or if that isn't available, you can get their info via:
23 error     npm owner ls reveal.js
23 error There is likely additional logging output above.
24 verbose exit [ 1, true ]
